Using pre-set license
Built from '2020.3/staging' branch; Version is '2020.3.0f1 (c7b5465681fb) revision 13088070'; Using compiler version '192528614'; Build Type 'Release'
OS: 'Windows 10 Pro; OS build 19042.867; Version 2009; 64bit' Language: 'en' Physical Memory: 16275 MB
BatchMode: 1, IsHumanControllingUs: 0, StartBugReporterOnCrash: 0, Is64bit: 1, IsPro: 0

 COMMAND LINE ARGUMENTS:
C:\Program Files\Unity\Hub\Editor\2020.3.0f1\Editor\Unity.exe
-adb2
-batchMode
-noUpm
-name
AssetImportWorker0
-projectPath
C:/Users/Gordey/Documents/UnityProjects/Unity-MVVM
-logFile
Logs/AssetImportWorker0.log
-srvPort
52980
Successfully changed project path to: C:/Users/Gordey/Documents/UnityProjects/Unity-MVVM
C:/Users/Gordey/Documents/UnityProjects/Unity-MVVM
Using Asset Import Pipeline V2.
Refreshing native plugins compatible for Editor in 48.64 ms, found 0 plugins.
Preloading 0 native plugins for Editor in 0.00 ms.
Initialize engine version: 2020.3.0f1 (c7b5465681fb)
[Subsystems] Discovering subsystems at path C:/Program Files/Unity/Hub/Editor/2020.3.0f1/Editor/Data/Resources/UnitySubsystems
[Subsystems] Discovering subsystems at path C:/Users/Gordey/Documents/UnityProjects/Unity-MVVM/Assets
GfxDevice: creating device client; threaded=0
Direct3D:
    Version:  Direct3D 11.0 [level 11.1]
    Renderer: NVIDIA GeForce GTX 1060 (ID=0x1c20)
    Vendor:   
    VRAM:     6052 MB
    Driver:   26.21.14.3160
Initialize mono
Mono path[0] = 'C:/Program Files/Unity/Hub/Editor/2020.3.0f1/Editor/Data/Managed'
Mono path[1] = 'C:/Program Files/Unity/Hub/Editor/2020.3.0f1/Editor/Data/MonoBleedingEdge/lib/mono/unityjit'
Mono config path = 'C:/Program Files/Unity/Hub/Editor/2020.3.0f1/Editor/Data/MonoBleedingEdge/etc'
Using monoOptions --debugger-agent=transport=dt_socket,embedding=1,server=y,suspend=n,address=127.0.0.1:56964
Begin MonoManager ReloadAssembly
Registering precompiled unity dll's ...
Register platform support module: C:/Program Files/Unity/Hub/Editor/2020.3.0f1/Editor/Data/PlaybackEngines/WindowsStandaloneSupport/UnityEditor.WindowsStandalone.Extensions.dll
Registered in 0.002966 seconds.
Native extension for WindowsStandalone target not found
Refreshing native plugins compatible for Editor in 58.16 ms, found 0 plugins.
Preloading 0 native plugins for Editor in 0.00 ms.
Invoked RoslynAnalysisRunner static constructor.
RoslynAnalysisRunner will not be running.
RoslynAnalysisRunner has terminated.
Mono: successfully reloaded assembly
- Completed reload, in  2.436 seconds
Platform modules already initialized, skipping
Registering precompiled user dll's ...
Registered in 0.005584 seconds.
Begin MonoManager ReloadAssembly
Native extension for WindowsStandalone target not found
Refreshing native plugins compatible for Editor in 0.43 ms, found 0 plugins.
Preloading 0 native plugins for Editor in 0.00 ms.
Invoked RoslynAnalysisRunner static constructor.
RoslynAnalysisRunner will not be running.
RoslynAnalysisRunner has terminated.
Mono: successfully reloaded assembly
- Completed reload, in  1.161 seconds
Platform modules already initialized, skipping
========================================================================
Worker process is ready to serve import requests
Launched and connected shader compiler UnityShaderCompiler.exe after 0.04 seconds
Refreshing native plugins compatible for Editor in 0.54 ms, found 0 plugins.
Preloading 0 native plugins for Editor in 0.00 ms.
Unloading 1646 Unused Serialized files (Serialized files now loaded: 0)
System memory in use before: 71.4 MB.
System memory in use after: 71.5 MB.

Unloading 37 unused Assets to reduce memory usage. Loaded Objects now: 2072.
Total: 2.189500 ms (FindLiveObjects: 0.251700 ms CreateObjectMapping: 0.137100 ms MarkObjects: 1.726400 ms  DeleteObjects: 0.073200 ms)

========================================================================
Received Import Request.
  path: Assets/Unity-MVVM/Scripts/Binding/DataBindingBase.cs
  artifactKey: Guid(ca8894771c3e4f349a3008c4a8650bd8) Importer(815301076,1909f56bfc062723c751e8b465ee728b)
Start importing Assets/Unity-MVVM/Scripts/Binding/DataBindingBase.cs using Guid(ca8894771c3e4f349a3008c4a8650bd8) Importer(815301076,1909f56bfc062723c751e8b465ee728b)  -> (artifact id: 'b7cbf24577f212beead56d6c98129482') in 0.035529 seconds
  Import took 0.038950 seconds .

========================================================================
Received Prepare
Registering precompiled user dll's ...
Registered in 0.004970 seconds.
Begin MonoManager ReloadAssembly
Native extension for WindowsStandalone target not found
Refreshing native plugins compatible for Editor in 0.74 ms, found 0 plugins.
Preloading 0 native plugins for Editor in 0.00 ms.
Invoked RoslynAnalysisRunner static constructor.
RoslynAnalysisRunner will not be running.
RoslynAnalysisRunner has terminated.
Mono: successfully reloaded assembly
- Completed reload, in  1.085 seconds
Platform modules already initialized, skipping
Refreshing native plugins compatible for Editor in 0.42 ms, found 0 plugins.
Preloading 0 native plugins for Editor in 0.00 ms.
Unloading 1640 Unused Serialized files (Serialized files now loaded: 0)
System memory in use before: 71.3 MB.
System memory in use after: 71.4 MB.

Unloading 28 unused Assets to reduce memory usage. Loaded Objects now: 2075.
Total: 2.053000 ms (FindLiveObjects: 0.222300 ms CreateObjectMapping: 0.123400 ms MarkObjects: 1.661600 ms  DeleteObjects: 0.043800 ms)

========================================================================
Received Import Request.
  Time since last request: 360.874577 seconds.
  path: Assets/Unity-MVVM/Scripts/Binding/DataBindingBase.cs
  artifactKey: Guid(ca8894771c3e4f349a3008c4a8650bd8) Importer(815301076,1909f56bfc062723c751e8b465ee728b)
Start importing Assets/Unity-MVVM/Scripts/Binding/DataBindingBase.cs using Guid(ca8894771c3e4f349a3008c4a8650bd8) Importer(815301076,1909f56bfc062723c751e8b465ee728b)  -> (artifact id: '8809fa52f98ac1500333769ccdb885d8') in 0.007332 seconds
  Import took 0.010521 seconds .

========================================================================
Received Import Request.
  Time since last request: 195.736931 seconds.
  path: Assets/Unity-MVVM/Samples
  artifactKey: Guid(a6faa3937cc3c5148938989a3fc06bb6) Importer(815301076,1909f56bfc062723c751e8b465ee728b)
Start importing Assets/Unity-MVVM/Samples using Guid(a6faa3937cc3c5148938989a3fc06bb6) Importer(815301076,1909f56bfc062723c751e8b465ee728b)  -> (artifact id: 'a0b2dc3d188e0c917f7046094a999f06') in 0.013043 seconds
  Import took 0.016966 seconds .

========================================================================
Received Import Request.
  Time since last request: 10.822556 seconds.
  path: Assets/Unity-MVVM/Samples/Basic Usage
  artifactKey: Guid(735af9786a2af3144a59e2a095f2f62a) Importer(815301076,1909f56bfc062723c751e8b465ee728b)
Start importing Assets/Unity-MVVM/Samples/Basic Usage using Guid(735af9786a2af3144a59e2a095f2f62a) Importer(815301076,1909f56bfc062723c751e8b465ee728b)  -> (artifact id: '27d11f6299057a4a998acb065b8dc3f6') in 0.011688 seconds
  Import took 0.016772 seconds .

========================================================================
Received Import Request.
  Time since last request: 154.982352 seconds.
  path: Assets/Unity-MVVM/Samples/Basic Usage/Views
  artifactKey: Guid(2ffd152e3cc56f44a8648d067b0f59e4) Importer(815301076,1909f56bfc062723c751e8b465ee728b)
Start importing Assets/Unity-MVVM/Samples/Basic Usage/Views using Guid(2ffd152e3cc56f44a8648d067b0f59e4) Importer(815301076,1909f56bfc062723c751e8b465ee728b)  -> (artifact id: '46c074c69638ec77297a06b66daad4aa') in 0.011386 seconds
  Import took 0.014785 seconds .

========================================================================
Received Import Request.
  Time since last request: 9.571406 seconds.
  path: Assets/Unity-MVVM/Samples/Basic Usage/Views/ViewModelInstance.cs
  artifactKey: Guid(afff4985315e8ef4a99d2a24859c8bce) Importer(815301076,1909f56bfc062723c751e8b465ee728b)
Start importing Assets/Unity-MVVM/Samples/Basic Usage/Views/ViewModelInstance.cs using Guid(afff4985315e8ef4a99d2a24859c8bce) Importer(815301076,1909f56bfc062723c751e8b465ee728b)  -> (artifact id: 'c56a257da6e7eae611b7434d279b808d') in 0.011149 seconds
  Import took 0.015737 seconds .

========================================================================
Received Prepare
Registering precompiled user dll's ...
Registered in 0.004502 seconds.
Begin MonoManager ReloadAssembly
Native extension for WindowsStandalone target not found
Refreshing native plugins compatible for Editor in 0.44 ms, found 0 plugins.
Preloading 0 native plugins for Editor in 0.00 ms.
Invoked RoslynAnalysisRunner static constructor.
RoslynAnalysisRunner will not be running.
RoslynAnalysisRunner has terminated.
Mono: successfully reloaded assembly
- Completed reload, in  1.057 seconds
Platform modules already initialized, skipping
Refreshing native plugins compatible for Editor in 0.46 ms, found 0 plugins.
Preloading 0 native plugins for Editor in 0.00 ms.
Unloading 1641 Unused Serialized files (Serialized files now loaded: 0)
System memory in use before: 71.3 MB.
System memory in use after: 71.4 MB.

Unloading 28 unused Assets to reduce memory usage. Loaded Objects now: 2079.
Total: 2.464100 ms (FindLiveObjects: 0.463700 ms CreateObjectMapping: 0.113600 ms MarkObjects: 1.839400 ms  DeleteObjects: 0.044900 ms)

========================================================================
Received Prepare
Registering precompiled user dll's ...
Registered in 0.005010 seconds.
Begin MonoManager ReloadAssembly
Native extension for WindowsStandalone target not found
Refreshing native plugins compatible for Editor in 0.48 ms, found 0 plugins.
Preloading 0 native plugins for Editor in 0.00 ms.
Invoked RoslynAnalysisRunner static constructor.
RoslynAnalysisRunner will not be running.
RoslynAnalysisRunner has terminated.
Mono: successfully reloaded assembly
- Completed reload, in  0.946 seconds
Platform modules already initialized, skipping
Refreshing native plugins compatible for Editor in 0.47 ms, found 0 plugins.
Preloading 0 native plugins for Editor in 0.00 ms.
Unloading 1641 Unused Serialized files (Serialized files now loaded: 0)
System memory in use before: 71.4 MB.
System memory in use after: 71.5 MB.

Unloading 28 unused Assets to reduce memory usage. Loaded Objects now: 2082.
Total: 2.256800 ms (FindLiveObjects: 0.286200 ms CreateObjectMapping: 0.124200 ms MarkObjects: 1.789000 ms  DeleteObjects: 0.055900 ms)

========================================================================
Received Import Request.
  Time since last request: 419.631102 seconds.
  path: Assets/Unity-MVVM/Samples/Basic Usage/Views/ViewModelInstance.cs
  artifactKey: Guid(afff4985315e8ef4a99d2a24859c8bce) Importer(815301076,1909f56bfc062723c751e8b465ee728b)
Start importing Assets/Unity-MVVM/Samples/Basic Usage/Views/ViewModelInstance.cs using Guid(afff4985315e8ef4a99d2a24859c8bce) Importer(815301076,1909f56bfc062723c751e8b465ee728b)  -> (artifact id: 'cc0d9bc0089f416d296f7ab71dacff4e') in 0.008224 seconds
  Import took 0.010784 seconds .

========================================================================
Received Import Request.
  Time since last request: 3827.575866 seconds.
  path: Assets/Unity-MVVM/Resources/UserAssemblyProvider.asset
  artifactKey: Guid(a3d01ead543ae8d4f83dbd38dcbb7d75) Importer(815301076,1909f56bfc062723c751e8b465ee728b)
Start importing Assets/Unity-MVVM/Resources/UserAssemblyProvider.asset using Guid(a3d01ead543ae8d4f83dbd38dcbb7d75) Importer(815301076,1909f56bfc062723c751e8b465ee728b)  -> (artifact id: '5c617d1cf0b6263a89f2e98ef46079b1') in 0.120709 seconds
  Import took 0.124694 seconds .

========================================================================
Received Prepare
Registering precompiled user dll's ...
Registered in 0.004954 seconds.
Begin MonoManager ReloadAssembly
Native extension for WindowsStandalone target not found
Refreshing native plugins compatible for Editor in 0.59 ms, found 0 plugins.
Preloading 0 native plugins for Editor in 0.00 ms.
Invoked RoslynAnalysisRunner static constructor.
RoslynAnalysisRunner will not be running.
RoslynAnalysisRunner has terminated.
Mono: successfully reloaded assembly
- Completed reload, in  0.982 seconds
Platform modules already initialized, skipping
Refreshing native plugins compatible for Editor in 0.48 ms, found 0 plugins.
Preloading 0 native plugins for Editor in 0.00 ms.
Unloading 1641 Unused Serialized files (Serialized files now loaded: 0)
System memory in use before: 71.4 MB.
System memory in use after: 71.5 MB.

Unloading 28 unused Assets to reduce memory usage. Loaded Objects now: 2085.
Total: 2.132600 ms (FindLiveObjects: 0.209100 ms CreateObjectMapping: 0.050400 ms MarkObjects: 1.844800 ms  DeleteObjects: 0.026900 ms)

========================================================================
Received Import Request.
  Time since last request: 1547.862909 seconds.
  path: Assets/Unity-MVVM/Samples/Basic Usage/CanvasView.unity
  artifactKey: Guid(7ece151609ffb5340b20c5cc5491d0fe) Importer(815301076,1909f56bfc062723c751e8b465ee728b)
Start importing Assets/Unity-MVVM/Samples/Basic Usage/CanvasView.unity using Guid(7ece151609ffb5340b20c5cc5491d0fe) Importer(815301076,1909f56bfc062723c751e8b465ee728b)  -> (artifact id: '19a14cdb7096e7106d95bc7ee6eeab24') in 0.020400 seconds
  Import took 0.023475 seconds .

========================================================================
Received Import Request.
  Time since last request: 16.218502 seconds.
  path: Assets/Unity-MVVM/Samples/Basic Usage/DataBinding.unity
  artifactKey: Guid(89b0ee7f494585f4b8d0e79e16373cd0) Importer(815301076,1909f56bfc062723c751e8b465ee728b)
Start importing Assets/Unity-MVVM/Samples/Basic Usage/DataBinding.unity using Guid(89b0ee7f494585f4b8d0e79e16373cd0) Importer(815301076,1909f56bfc062723c751e8b465ee728b)  -> (artifact id: 'ab4b3ffdf816a5258830c66a17e34627') in 0.010308 seconds
  Import took 0.013354 seconds .

========================================================================
Received Import Request.
  Time since last request: 21.144969 seconds.
  path: Assets/Unity-MVVM/Samples/Basic Usage/ViewModelInstances.unity
  artifactKey: Guid(f06ff7a70a2d9c247b0a3f8411f54fe1) Importer(815301076,1909f56bfc062723c751e8b465ee728b)
Start importing Assets/Unity-MVVM/Samples/Basic Usage/ViewModelInstances.unity using Guid(f06ff7a70a2d9c247b0a3f8411f54fe1) Importer(815301076,1909f56bfc062723c751e8b465ee728b)  -> (artifact id: 'fc3438afc9a99dcd1208d1b62f670c55') in 0.012287 seconds
  Import took 0.016494 seconds .

========================================================================
Received Import Request.
  Time since last request: 0.000740 seconds.
  path: Assets/Unity-MVVM/Samples/Basic Usage/ViewModelInstances.unity
  artifactKey: Guid(f06ff7a70a2d9c247b0a3f8411f54fe1) Importer(815301076,1909f56bfc062723c751e8b465ee728b)
Start importing Assets/Unity-MVVM/Samples/Basic Usage/ViewModelInstances.unity using Guid(f06ff7a70a2d9c247b0a3f8411f54fe1) Importer(815301076,1909f56bfc062723c751e8b465ee728b)  -> (artifact id: 'fc3438afc9a99dcd1208d1b62f670c55') in 0.006108 seconds
  Import took 0.009225 seconds .

========================================================================
Received Import Request.
  Time since last request: 2.068553 seconds.
  path: Assets/Unity-MVVM/Samples/Basic Usage/Events.unity
  artifactKey: Guid(19c8ae53ebbec6447b149872ec9d6ae3) Importer(815301076,1909f56bfc062723c751e8b465ee728b)
Start importing Assets/Unity-MVVM/Samples/Basic Usage/Events.unity using Guid(19c8ae53ebbec6447b149872ec9d6ae3) Importer(815301076,1909f56bfc062723c751e8b465ee728b)  -> (artifact id: 'cdfa906249fff1ead2fc9adce6a4caab') in 0.012043 seconds
  Import took 0.016393 seconds .

========================================================================
Received Import Request.
  Time since last request: 0.000552 seconds.
  path: Assets/Unity-MVVM/Samples/Basic Usage/Events.unity
  artifactKey: Guid(19c8ae53ebbec6447b149872ec9d6ae3) Importer(815301076,1909f56bfc062723c751e8b465ee728b)
Start importing Assets/Unity-MVVM/Samples/Basic Usage/Events.unity using Guid(19c8ae53ebbec6447b149872ec9d6ae3) Importer(815301076,1909f56bfc062723c751e8b465ee728b)  -> (artifact id: 'cdfa906249fff1ead2fc9adce6a4caab') in 0.005483 seconds
  Import took 0.008639 seconds .

========================================================================
Received Import Request.
  Time since last request: 15.914390 seconds.
  path: Assets/Unity-MVVM/Samples/MVVMTest/MVVMTest.unity
  artifactKey: Guid(4f6f8d2a92129494a8508d79906ee929) Importer(815301076,1909f56bfc062723c751e8b465ee728b)
Start importing Assets/Unity-MVVM/Samples/MVVMTest/MVVMTest.unity using Guid(4f6f8d2a92129494a8508d79906ee929) Importer(815301076,1909f56bfc062723c751e8b465ee728b)  -> (artifact id: '02c4643f036421af9dce8118f20146cf') in 0.013089 seconds
  Import took 0.016513 seconds .

========================================================================
Received Import Request.
  Time since last request: 23.641598 seconds.
  path: Assets/Unity-MVVM/Samples/PropertyPaths/PropertyPaths.unity
  artifactKey: Guid(4645ec4668b94e84c8bc14ac267925a2) Importer(815301076,1909f56bfc062723c751e8b465ee728b)
Start importing Assets/Unity-MVVM/Samples/PropertyPaths/PropertyPaths.unity using Guid(4645ec4668b94e84c8bc14ac267925a2) Importer(815301076,1909f56bfc062723c751e8b465ee728b)  -> (artifact id: '6d2cd3edd4410440a839309c08826a77') in 0.011858 seconds
  Import took 0.016015 seconds .

========================================================================
Received Import Request.
  Time since last request: 0.006543 seconds.
  path: Assets/Unity-MVVM/Samples/PropertyPaths/PropertyPaths.unity
  artifactKey: Guid(4645ec4668b94e84c8bc14ac267925a2) Importer(815301076,1909f56bfc062723c751e8b465ee728b)
Start importing Assets/Unity-MVVM/Samples/PropertyPaths/PropertyPaths.unity using Guid(4645ec4668b94e84c8bc14ac267925a2) Importer(815301076,1909f56bfc062723c751e8b465ee728b)  -> (artifact id: '6d2cd3edd4410440a839309c08826a77') in 0.005274 seconds
  Import took 0.010139 seconds .

========================================================================
Received Import Request.
  Time since last request: 11.927563 seconds.
  path: Assets/Unity-MVVM/Samples/SelectableCollectionView/SelectableCollectionView.unity
  artifactKey: Guid(3de4a0dbc4b3b004981bedbbb5e5ecda) Importer(815301076,1909f56bfc062723c751e8b465ee728b)
Start importing Assets/Unity-MVVM/Samples/SelectableCollectionView/SelectableCollectionView.unity using Guid(3de4a0dbc4b3b004981bedbbb5e5ecda) Importer(815301076,1909f56bfc062723c751e8b465ee728b)  -> (artifact id: '947b577a7a9dcb6b709fcd93e5b2b7e7') in 0.011079 seconds
  Import took 0.014440 seconds .

========================================================================
Received Prepare
Registering precompiled user dll's ...
Registered in 0.004798 seconds.
Begin MonoManager ReloadAssembly
Native extension for WindowsStandalone target not found
Refreshing native plugins compatible for Editor in 0.55 ms, found 0 plugins.
Preloading 0 native plugins for Editor in 0.00 ms.
Invoked RoslynAnalysisRunner static constructor.
RoslynAnalysisRunner will not be running.
RoslynAnalysisRunner has terminated.
Mono: successfully reloaded assembly
- Completed reload, in  0.959 seconds
Platform modules already initialized, skipping
Refreshing native plugins compatible for Editor in 0.49 ms, found 0 plugins.
Preloading 0 native plugins for Editor in 0.00 ms.
Unloading 1641 Unused Serialized files (Serialized files now loaded: 0)
System memory in use before: 71.4 MB.
System memory in use after: 71.5 MB.

Unloading 28 unused Assets to reduce memory usage. Loaded Objects now: 2088.
Total: 2.367900 ms (FindLiveObjects: 0.345200 ms CreateObjectMapping: 0.159800 ms MarkObjects: 1.812900 ms  DeleteObjects: 0.048900 ms)

